::1 - - [29/Jun/2019:03:49:05 +0000] "GET /productList/list HTTP/1.1" 200 156 "http://localhost:8002/index" "Mozilla/5.0 (Windows NT 10.0; Win64; x64) AppleWebKit/537.36 (KHTML, like Gecko) Chrome/75.0.3770.100 Safari/537.36"
::1 - - [29/Jun/2019:03:49:05 +0000] "GET /favicon.ico HTTP/1.1" 200 13 "http://localhost:8002/productList/list" "Mozilla/5.0 (Windows NT 10.0; Win64; x64) AppleWebKit/537.36 (KHTML, like Gecko) Chrome/75.0.3770.100 Safari/537.36"
::1 - - [29/Jun/2019:03:51:10 +0000] "GET /favicon.ico HTTP/1.1" 304 - "http://localhost:8002/index" "Mozilla/5.0 (Windows NT 10.0; Win64; x64) AppleWebKit/537.36 (KHTML, like Gecko) Chrome/75.0.3770.100 Safari/537.36"
::1 - - [29/Jun/2019:03:51:11 +0000] "GET /productList/list HTTP/1.1" 200 156 "http://localhost:8002/index" "Mozilla/5.0 (Windows NT 10.0; Win64; x64) AppleWebKit/537.36 (KHTML, like Gecko) Chrome/75.0.3770.100 Safari/537.36"
::1 - - [29/Jun/2019:03:51:11 +0000] "GET /favicon.ico HTTP/1.1" 304 - "http://localhost:8002/productList/list" "Mozilla/5.0 (Windows NT 10.0; Win64; x64) AppleWebKit/537.36 (KHTML, like Gecko) Chrome/75.0.3770.100 Safari/537.36"
::1 - - [29/Jun/2019:03:51:12 +0000] "GET /favicon.ico HTTP/1.1" 304 - "http://localhost:8002/index" "Mozilla/5.0 (Windows NT 10.0; Win64; x64) AppleWebKit/537.36 (KHTML, like Gecko) Chrome/75.0.3770.100 Safari/537.36"
::1 - - [29/Jun/2019:04:01:57 +0000] "GET /favicon.ico HTTP/1.1" 304 - "http://localhost:8002/index" "Mozilla/5.0 (Windows NT 10.0; Win64; x64) AppleWebKit/537.36 (KHTML, like Gecko) Chrome/75.0.3770.100 Safari/537.36"
::1 - - [29/Jun/2019:04:01:58 +0000] "GET /productList/list HTTP/1.1" 200 156 "http://localhost:8002/index" "Mozilla/5.0 (Windows NT 10.0; Win64; x64) AppleWebKit/537.36 (KHTML, like Gecko) Chrome/75.0.3770.100 Safari/537.36"
::1 - - [29/Jun/2019:04:01:58 +0000] "GET /favicon.ico HTTP/1.1" 304 - "http://localhost:8002/productList/list" "Mozilla/5.0 (Windows NT 10.0; Win64; x64) AppleWebKit/537.36 (KHTML, like Gecko) Chrome/75.0.3770.100 Safari/537.36"
::1 - - [29/Jun/2019:04:01:59 +0000] "GET /favicon.ico HTTP/1.1" 304 - "http://localhost:8002/index" "Mozilla/5.0 (Windows NT 10.0; Win64; x64) AppleWebKit/537.36 (KHTML, like Gecko) Chrome/75.0.3770.100 Safari/537.36"
::1 - - [29/Jun/2019:04:06:14 +0000] "GET /index HTTP/1.1" 200 13 "-" "Mozilla/5.0 (Windows NT 10.0; Win64; x64) AppleWebKit/537.36 (KHTML, like Gecko) Chrome/75.0.3770.100 Safari/537.36"
::1 - - [29/Jun/2019:04:06:14 +0000] "GET /favicon.ico HTTP/1.1" 200 13 "http://localhost:8002/index" "Mozilla/5.0 (Windows NT 10.0; Win64; x64) AppleWebKit/537.36 (KHTML, like Gecko) Chrome/75.0.3770.100 Safari/537.36"
::1 - - [29/Jun/2019:04:06:17 +0000] "GET /indexss HTTP/1.1" 200 558 "-" "Mozilla/5.0 (Windows NT 10.0; Win64; x64) AppleWebKit/537.36 (KHTML, like Gecko) Chrome/75.0.3770.100 Safari/537.36"
::1 - - [29/Jun/2019:04:06:17 +0000] "GET /favicon.ico HTTP/1.1" 304 - "http://localhost:8002/indexss" "Mozilla/5.0 (Windows NT 10.0; Win64; x64) AppleWebKit/537.36 (KHTML, like Gecko) Chrome/75.0.3770.100 Safari/537.36"
::1 - - [29/Jun/2019:04:06:34 +0000] "GET /user/123 HTTP/1.1" 200 13 "-" "Mozilla/5.0 (Windows NT 10.0; Win64; x64) AppleWebKit/537.36 (KHTML, like Gecko) Chrome/75.0.3770.100 Safari/537.36"
::1 - - [29/Jun/2019:04:06:34 +0000] "GET /favicon.ico HTTP/1.1" 304 - "http://localhost:8002/user/123" "Mozilla/5.0 (Windows NT 10.0; Win64; x64) AppleWebKit/537.36 (KHTML, like Gecko) Chrome/75.0.3770.100 Safari/537.36"
::1 - - [29/Jun/2019:04:06:46 +0000] "GET /user/login HTTP/1.1" 304 - "-" "Mozilla/5.0 (Windows NT 10.0; Win64; x64) AppleWebKit/537.36 (KHTML, like Gecko) Chrome/75.0.3770.100 Safari/537.36"
::1 - - [29/Jun/2019:04:06:46 +0000] "GET /favicon.ico HTTP/1.1" 304 - "http://localhost:8002/user/login" "Mozilla/5.0 (Windows NT 10.0; Win64; x64) AppleWebKit/537.36 (KHTML, like Gecko) Chrome/75.0.3770.100 Safari/537.36"
::1 - - [29/Jun/2019:04:07:04 +0000] "GET /user/login HTTP/1.1" 404 149 "-" "Mozilla/5.0 (Windows NT 10.0; Win64; x64) AppleWebKit/537.36 (KHTML, like Gecko) Chrome/75.0.3770.100 Safari/537.36"
::1 - - [29/Jun/2019:04:07:05 +0000] "GET /user/login HTTP/1.1" 404 149 "-" "Mozilla/5.0 (Windows NT 10.0; Win64; x64) AppleWebKit/537.36 (KHTML, like Gecko) Chrome/75.0.3770.100 Safari/537.36"
::1 - - [29/Jun/2019:04:07:05 +0000] "GET /user/login HTTP/1.1" 404 149 "-" "Mozilla/5.0 (Windows NT 10.0; Win64; x64) AppleWebKit/537.36 (KHTML, like Gecko) Chrome/75.0.3770.100 Safari/537.36"
::1 - - [29/Jun/2019:04:07:05 +0000] "GET /user/login HTTP/1.1" 404 149 "-" "Mozilla/5.0 (Windows NT 10.0; Win64; x64) AppleWebKit/537.36 (KHTML, like Gecko) Chrome/75.0.3770.100 Safari/537.36"
::1 - - [29/Jun/2019:04:07:05 +0000] "GET /user/login HTTP/1.1" 404 149 "-" "Mozilla/5.0 (Windows NT 10.0; Win64; x64) AppleWebKit/537.36 (KHTML, like Gecko) Chrome/75.0.3770.100 Safari/537.36"
::1 - - [29/Jun/2019:04:07:19 +0000] "GET /productList/list HTTP/1.1" 200 156 "-" "Mozilla/5.0 (Windows NT 10.0; Win64; x64) AppleWebKit/537.36 (KHTML, like Gecko) Chrome/75.0.3770.100 Safari/537.36"
::1 - - [29/Jun/2019:04:07:19 +0000] "GET /favicon.ico HTTP/1.1" 404 150 "http://localhost:8002/productList/list" "Mozilla/5.0 (Windows NT 10.0; Win64; x64) AppleWebKit/537.36 (KHTML, like Gecko) Chrome/75.0.3770.100 Safari/537.36"
